Tue Mar 19 14:02:25 2013 dean.birkett@kb.nl
Tue Mar 19 15:17:20 2013 dan.entous@gmail.com
Tue Mar 19 17:59:57 2013 dan.entous@gmail.com
Tue Mar 19 20:43:59 2013 dan.entous@gmail.com
Tue Mar 19 21:03:02 2013 dan.entous@gmail.com
Tue Mar 19 22:28:04 2013 dan.entous@gmail.com
Tue Mar 19 22:45:35 2013 dan.entous@gmail.com
Tue Mar 19 23:28:55 2013 dan.entous@gmail.com
Wed Mar 20 00:01:40 2013 dan.entous@gmail.com
Wed Mar 20 07:33:19 2013 dan.entous@gmail.com
Wed Mar 20 09:52:47 2013 dan.entous@gmail.com
Wed Mar 20 09:56:36 2013 dan.entous@gmail.com
Wed Mar 20 10:13:39 2013 dan.entous@gmail.com
Wed Mar 20 10:32:46 2013 dean.birkett@kb.nl
Thu Mar 21 09:49:58 2013 dean.birkett@kb.nl
Thu Mar 21 10:59:33 2013 dean.birkett@kb.nl
Thu Mar 21 11:15:00 2013 dan.entous@gmail.com
Thu Mar 21 11:44:43 2013 dean.birkett@kb.nl
Thu Mar 21 12:31:26 2013 dean.birkett@kb.nl
Thu Mar 21 18:06:59 2013 pavel.kats@kb.nl
Thu Mar 28 13:17:27 2013 dean.birkett@kb.nl
Mon Apr  8 09:44:28 2013 dean.birkett@kb.nl
Mon Apr  8 10:05:53 2013 dean.birkett@kb.nl
Thu Apr 11 14:30:23 2013 dean.birkett@kb.nl
Tue Apr 16 09:23:11 2013 dean.birkett@kb.nl
Tue Apr 23 12:16:51 2013 pavel.kats@kb.nl
Mon Apr 29 14:00:42 2013 dean.birkett@kb.nl
Mon Apr 29 15:29:46 2013 dean.birkett@kb.nl
Mon Apr 29 16:38:54 2013 dean.birkett@kb.nl
Wed May  1 12:29:17 2013 dean.birkett@kb.nl
Wed May  1 13:44:18 2013 dean.birkett@kb.nl
Wed May  1 13:58:20 2013 dean.birkett@kb.nl
Wed May  1 14:33:28 2013 dean.birkett@kb.nl
Thu May  2 10:05:09 2013 dean.birkett@kb.nl
Tue May  7 13:57:21 2013 dean.birkett@kb.nl
Wed May  8 14:54:39 2013 jacob.lundqvist@gmail.com
Wed May  8 15:13:16 2013 jacob.lundqvist@gmail.com
Wed May  8 15:37:43 2013 jacob.lundqvist@gmail.com
Wed May  8 15:37:44 2013 jacob.lundqvist@gmail.com
Mon May 13 14:15:29 2013 dean.birkett@kb.nl
Mon May 13 14:28:18 2013 pavel.kats@kb.nl
Mon May 13 14:40:46 2013 pavel.kats@kb.nl
Mon May 13 14:52:16 2013 pavel.kats@kb.nl
Mon May 13 22:50:03 2013 pavel.kats@kb.nl
Tue May 14 10:04:25 2013 dean.birkett@kb.nl
Tue May 14 10:04:31 2013 dean.birkett@kb.nl
Tue May 14 14:32:03 2013 dean.birkett@kb.nl
Tue May 14 15:43:06 2013 dean.birkett@kb.nl
Thu May 16 10:40:51 2013 dean.birkett@kb.nl
Thu May 16 13:30:08 2013 dean.birkett@kb.nl
Thu May 23 09:19:35 2013 dean.birkett@kb.nl
Tue May 28 13:30:25 2013 pavel.kats@kb.nl
Tue May 28 14:06:44 2013 pavel.kats@kb.nl
Thu May 30 10:32:37 2013 dean.birkett@kb.nl
Mon Jun  3 09:58:03 2013 jacob.lundqvist@gmail.com
Mon Jun  3 10:06:57 2013 jacob.lundqvist@gmail.com
Mon Jun  3 15:29:29 2013 dean.birkett@kb.nl
Mon Jun  3 16:01:43 2013 dean.birkett@kb.nl
Tue Jun  4 10:09:16 2013 dean.birkett@kb.nl
Tue Jun  4 10:53:02 2013 dean.birkett@kb.nl
Wed Jun 12 11:09:07 2013 dean.birkett@kb.nl
Wed Jun 12 14:21:33 2013 pavel.kats@kb.nl
Wed Jun 12 14:58:19 2013 pavel.kats@kb.nl
Wed Jun 12 15:40:51 2013 pavel.kats@kb.nl
Thu Jun 13 09:10:36 2013 dean.birkett@kb.nl
Fri Jun 14 09:55:12 2013 dean.birkett@kb.nl
Thu Jun 20 09:10:48 2013 dean.birkett@kb.nl
Thu Jun 20 10:25:39 2013 dean.birkett@kb.nl
Fri Jun 21 11:18:16 2013 dean.birkett@kb.nl
Fri Jun 21 11:36:22 2013 dean.birkett@kb.nl
Mon Jun 24 12:46:09 2013 dean.birkett@kb.nl
Thu Jun 27 10:22:56 2013 dean.birkett@kb.nl
Mon Jul 15 10:39:28 2013 pavel.kats@kb.nl
Mon Jul 15 16:18:44 2013 dean.birkett@kb.nl
Mon Aug 12 14:21:02 2013 dean.birkett@kb.nl
Tue Aug 20 16:42:32 2013 jacob.lundqvist@gmail.com
Tue Aug 20 16:49:55 2013 jacob.lundqvist@gmail.com
Tue Aug 20 16:56:34 2013 jacob.lundqvist@gmail.com
Tue Aug 20 16:57:21 2013 jacob.lundqvist@gmail.com
Tue Aug 20 17:02:07 2013 jacob.lundqvist@gmail.com
Tue Aug 20 17:02:31 2013 jacob.lundqvist@gmail.com
Tue Aug 20 17:02:54 2013 jacob.lundqvist@gmail.com
Tue Aug 20 17:08:39 2013 jacob.lundqvist@gmail.com
Tue Aug 20 17:11:23 2013 jacob.lundqvist@gmail.com
Tue Aug 20 17:34:11 2013 jacob.lundqvist@gmail.com
Tue Aug 20 18:17:49 2013 jacob.lundqvist@gmail.com
Wed Aug 21 12:59:40 2013 dean.birkett@kb.nl
Fri Aug 23 13:49:59 2013 dean.birkett@kb.nl
Mon Aug 26 11:40:16 2013 dean.birkett@kb.nl
Wed Aug 28 10:41:29 2013 jacob.lundqvist@gmail.com
Wed Aug 28 11:56:35 2013 jacob.lundqvist@gmail.com
Wed Aug 28 11:57:35 2013 jacob.lundqvist@gmail.com
Wed Aug 28 11:58:38 2013 jacob.lundqvist@gmail.com
Wed Aug 28 12:51:04 2013 jacob.lundqvist@gmail.com
Wed Aug 28 13:00:21 2013 jacob.lundqvist@gmail.com
Wed Aug 28 14:14:28 2013 jacob.lundqvist@gmail.com
Mon Sep  2 15:07:46 2013 jacob@galdrion.se
Mon Sep  2 15:32:33 2013 andyjmaclean@gmail.com
Mon Sep  2 16:39:07 2013 andyjmaclean@gmail.com
Mon Sep  2 17:26:31 2013 andyjmaclean@gmail.com
Tue Sep  3 10:58:01 2013 andyjmaclean@gmail.com
Thu Sep  5 17:55:17 2013 andyjmaclean@gmail.com
Thu Sep  5 18:00:13 2013 andyjmaclean@gmail.com
Thu Sep 12 11:04:26 2013 dean.birkett@kb.nl
Thu Sep 12 11:56:18 2013 jacob.lundqvist@gmail.com
