Tue Aug 20 17:08:40 2013 jacob.lundqvist@gmail.com
Tue Aug 20 17:11:24 2013 jacob.lundqvist@gmail.com
Tue Aug 20 17:34:11 2013 jacob.lundqvist@gmail.com
Tue Aug 20 18:17:51 2013 jacob.lundqvist@gmail.com
Wed Aug 21 12:59:41 2013 dean.birkett@kb.nl
Fri Aug 23 13:50:00 2013 dean.birkett@kb.nl
Mon Aug 26 11:40:17 2013 dean.birkett@kb.nl
Wed Aug 28 10:42:09 2013 jacob.lundqvist@gmail.com
Wed Aug 28 12:55:39 2013 jacob.lundqvist@gmail.com
Wed Aug 28 13:00:35 2013 jacob.lundqvist@gmail.com
Wed Aug 28 14:14:41 2013 jacob.lundqvist@gmail.com
Mon Sep  2 15:08:50 2013 jacob@galdrion.se
Mon Sep  2 15:33:16 2013 andyjmaclean@gmail.com
Mon Sep  2 16:39:52 2013 andyjmaclean@gmail.com
Mon Sep  2 17:27:20 2013 andyjmaclean@gmail.com
Tue Sep  3 10:58:51 2013 andyjmaclean@gmail.com
Thu Sep  5 17:55:21 2013 andyjmaclean@gmail.com
Thu Sep  5 18:00:18 2013 andyjmaclean@gmail.com
Thu Sep 12 11:04:36 2013 dean.birkett@kb.nl
Thu Sep 12 11:56:33 2013 jacob.lundqvist@gmail.com
Thu Sep 12 13:17:35 2013 dean.birkett@kb.nl
Thu Sep 12 13:25:15 2013 dean.birkett@kb.nl
Thu Sep 12 13:31:46 2013 dean.birkett@kb.nl
Thu Sep 12 13:49:18 2013 dean.birkett@kb.nl
Tue Sep 17 11:34:27 2013 dean.birkett@kb.nl
